2024-11-19 16:15:29 INFO  ConfigManager:49 - Configuration loaded for environment DEV
2024-11-19 16:15:46 INFO  BaseTest:32 - Started test with URL https://www.facebook.com/
2024-11-19 16:15:46 INFO  BaseTest:14 - Verifying that the browser is opened and we are navigating to correct URL.
2024-11-20 17:11:39 INFO  ConfigManager:49 - Configuration loaded for environment DEV
2024-11-20 17:11:49 INFO  BaseTest:32 - Started test with URL https://www.facebook.com/
2024-11-20 17:11:50 INFO  BaseTest:16 - Verifying that the browser is opened and we are navigating to correct URL.
2024-11-20 17:12:46 INFO  ConfigManager:49 - Configuration loaded for environment DEV
2024-11-20 17:12:52 INFO  BaseTest:32 - Started test with URL https://www.facebook.com/
2024-11-20 17:12:52 INFO  BaseTest:16 - Verifying that the browser is opened and we are navigating to correct URL.
2024-11-20 17:20:32 INFO  ConfigManager:49 - Configuration loaded for environment DEV
2024-11-20 17:20:39 INFO  BaseTest:32 - Started test with URL https://www.facebook.com/
2024-11-20 17:20:39 INFO  BaseTest:20 - Verifying that the browser is opened and we are navigating to correct URL.
2024-11-20 17:22:08 INFO  ConfigManager:49 - Configuration loaded for environment DEV
2024-11-20 17:22:14 INFO  BaseTest:32 - Started test with URL https://www.facebook.com/
2024-11-20 17:22:14 INFO  BaseTest:20 - Verifying that the browser is opened and we are navigating to correct URL.
2024-11-20 17:42:05 INFO  ConfigManager:49 - Configuration loaded for environment DEV
2024-11-20 17:42:14 INFO  BaseTest:32 - Started test with URL https://www.facebook.com/
2024-11-20 17:42:14 INFO  BaseTest:25 - Verifying that the browser is opened and we are navigating to correct URL.
2024-11-20 18:01:07 INFO  ConfigManager:49 - Configuration loaded for environment DEV
2024-11-20 18:01:18 INFO  BaseTest:32 - Started test with URL https://www.facebook.com/
2024-11-20 18:01:18 INFO  BaseTest:25 - Verifying that the browser is opened and we are navigating to correct URL.
2024-11-20 18:13:31 INFO  ConfigManager:49 - Configuration loaded for environment DEV
2024-11-20 18:13:54 INFO  BaseTest:32 - Started test with URL https://www.facebook.com/
2024-11-20 18:13:55 INFO  BaseTest:26 - Verifying that the browser is opened and we are navigating to correct URL.
2024-11-20 18:14:05 INFO  BaseTest:32 - Entering Sign in Details
2024-11-20 18:14:06 INFO  BaseTest:34 - Done
2024-11-21 16:35:31 INFO  ConfigManager:49 - Configuration loaded for environment DEV
2024-11-21 16:35:41 INFO  BaseTest:27 - it intailize
2024-11-21 16:35:44 INFO  BaseTest:33 - Started test with URL https://www.facebook.com/
2024-11-21 16:35:44 INFO  BaseTest:27 - Verifying that the browser is opened and we are navigating to correct URL.
2024-11-21 16:35:46 INFO  BaseTest:33 - Entering Sign in Details
2024-11-21 16:35:47 INFO  BaseTest:35 - Done
2024-11-25 17:47:26 INFO  ConfigManager:49 - Configuration loaded for environment DEV
2024-11-25 17:47:44 INFO  BaseTest:32 - Started test with URL https://www.amazon.com/
2024-11-26 14:49:48 INFO  ConfigManager:49 - Configuration loaded for environment DEV
2024-11-26 14:50:05 INFO  BaseTest:32 - Started test with URL https://www.amazon.com/
2024-11-26 14:51:41 INFO  ConfigManager:49 - Configuration loaded for environment DEV
2024-11-26 14:51:50 INFO  BaseTest:32 - Started test with URL https://www.amazon.com/
2024-11-26 14:54:23 INFO  ConfigManager:49 - Configuration loaded for environment DEV
2024-11-26 14:54:33 INFO  BaseTest:32 - Started test with URL https://www.amazon.com/
2024-11-26 14:57:58 INFO  ConfigManager:49 - Configuration loaded for environment DEV
2024-11-26 14:58:08 INFO  BaseTest:32 - Started test with URL https://www.amazon.com/
2024-12-03 13:21:02 INFO  ConfigManager:49 - Configuration loaded for environment DEV
2024-12-03 13:21:17 INFO  BaseTest:32 - Started test with URL https://www.amazon.com/
2024-12-03 14:12:02 INFO  ConfigManager:49 - Configuration loaded for environment DEV
2024-12-03 15:06:48 INFO  ConfigManager:49 - Configuration loaded for environment DEV
2024-12-03 15:07:00 INFO  BaseTest:32 - Started test with URL https://www.amazon.com/
2024-12-03 15:20:38 INFO  ConfigManager:49 - Configuration loaded for environment DEV
2024-12-03 15:20:46 INFO  BaseTest:32 - Started test with URL https://www.amazon.com/
2024-12-03 15:23:03 INFO  ConfigManager:49 - Configuration loaded for environment DEV
2024-12-03 15:23:12 INFO  BaseTest:32 - Started test with URL https://www.amazon.com/
2024-12-03 15:25:49 INFO  ConfigManager:49 - Configuration loaded for environment DEV
2024-12-03 15:25:56 INFO  BaseTest:32 - Started test with URL https://www.amazon.com/
2024-12-03 15:40:10 INFO  ConfigManager:49 - Configuration loaded for environment DEV
2024-12-03 15:40:20 INFO  BaseTest:32 - Started test with URL https://www.amazon.com/
2024-12-03 15:42:09 INFO  ConfigManager:49 - Configuration loaded for environment DEV
2024-12-03 15:42:19 INFO  BaseTest:32 - Started test with URL https://www.amazon.com/
2024-12-03 15:43:36 INFO  ConfigManager:49 - Configuration loaded for environment DEV
2024-12-03 15:43:56 INFO  BaseTest:32 - Started test with URL https://www.amazon.com/
2024-12-03 15:46:34 INFO  ConfigManager:49 - Configuration loaded for environment DEV
2024-12-03 15:46:49 INFO  BaseTest:32 - Started test with URL https://www.amazon.com/
2024-12-03 15:48:04 INFO  ConfigManager:49 - Configuration loaded for environment DEV
2024-12-03 15:48:15 INFO  BaseTest:32 - Started test with URL https://www.amazon.com/
2024-12-03 15:48:33 INFO  ConfigManager:49 - Configuration loaded for environment DEV
2024-12-03 15:48:43 INFO  BaseTest:32 - Started test with URL https://www.amazon.com/
2024-12-03 15:59:59 INFO  ConfigManager:49 - Configuration loaded for environment DEV
2024-12-03 16:00:10 INFO  BaseTest:32 - Started test with URL https://www.amazon.com/
2024-12-03 16:03:47 INFO  ConfigManager:49 - Configuration loaded for environment DEV
2024-12-03 16:03:56 INFO  BaseTest:32 - Started test with URL https://www.amazon.com/
2024-12-03 21:05:57 INFO  ConfigManager:49 - Configuration loaded for environment DEV
2024-12-03 21:06:11 INFO  BaseTest:32 - Started test with URL https://www.amazon.com/
2024-12-04 10:21:04 INFO  ConfigManager:49 - Configuration loaded for environment DEV
2024-12-04 10:21:23 INFO  BaseTest:32 - Started test with URL https://www.amazon.com/
2024-12-04 10:26:42 INFO  ConfigManager:49 - Configuration loaded for environment DEV
2024-12-04 10:26:52 INFO  BaseTest:32 - Started test with URL https://www.amazon.com/
2024-12-04 10:32:44 INFO  ConfigManager:49 - Configuration loaded for environment DEV
2024-12-04 10:32:51 INFO  BaseTest:32 - Started test with URL https://www.amazon.com/
2024-12-04 10:33:37 INFO  ConfigManager:49 - Configuration loaded for environment DEV
2024-12-04 10:33:47 INFO  BaseTest:32 - Started test with URL https://www.amazon.com/
2024-12-04 10:40:33 INFO  ConfigManager:49 - Configuration loaded for environment DEV
2024-12-04 10:40:43 INFO  BaseTest:32 - Started test with URL https://www.amazon.com/
2024-12-04 13:41:22 INFO  ConfigManager:49 - Configuration loaded for environment DEV
2024-12-04 13:41:32 INFO  BaseTest:32 - Started test with URL https://www.amazon.com/
2024-12-04 14:36:21 INFO  ConfigManager:49 - Configuration loaded for environment DEV
2024-12-04 14:36:28 INFO  BaseTest:32 - Started test with URL https://www.amazon.com/
